e:\_howest dae\season 3_4\season 4\programming4\digdugexam\exam_assignment\digduggame\release\digduggame.pch
e:\_howest dae\season 3_4\season 4\programming4\digdugexam\exam_assignment\digduggame\release\vc141.pdb
e:\_howest dae\season 3_4\season 4\programming4\digdugexam\exam_assignment\digduggame\release\pch.obj
e:\_howest dae\season 3_4\season 4\programming4\digdugexam\exam_assignment\digduggame\release\versuslevel.obj
e:\_howest dae\season 3_4\season 4\programming4\digdugexam\exam_assignment\digduggame\release\startscreen.obj
e:\_howest dae\season 3_4\season 4\programming4\digdugexam\exam_assignment\digduggame\release\singlelevel.obj
e:\_howest dae\season 3_4\season 4\programming4\digdugexam\exam_assignment\digduggame\release\optionsscreen.obj
e:\_howest dae\season 3_4\season 4\programming4\digdugexam\exam_assignment\digduggame\release\main.obj
e:\_howest dae\season 3_4\season 4\programming4\digdugexam\exam_assignment\digduggame\release\digduglevelcomp.obj
e:\_howest dae\season 3_4\season 4\programming4\digdugexam\exam_assignment\digduggame\release\digduggame.obj
e:\_howest dae\season 3_4\season 4\programming4\digdugexam\exam_assignment\digduggame\release\creditscreen.obj
e:\_howest dae\season 3_4\season 4\programming4\digdugexam\exam_assignment\digduggame\release\cooplevel.obj
e:\_howest dae\season 3_4\season 4\programming4\digdugexam\exam_assignment\release\digduggame.lib
e:\_howest dae\season 3_4\season 4\programming4\digdugexam\exam_assignment\release\digduggame.exp
e:\_howest dae\season 3_4\season 4\programming4\digdugexam\exam_assignment\release\digduggame.ipdb
e:\_howest dae\season 3_4\season 4\programming4\digdugexam\exam_assignment\release\digduggame.iobj
e:\_howest dae\season 3_4\season 4\programming4\digdugexam\exam_assignment\release\digduggame.exe
e:\_howest dae\season 3_4\season 4\programming4\digdugexam\exam_assignment\release\digduggame.pdb
e:\_howest dae\season 3_4\season 4\programming4\digdugexam\exam_assignment\digduggame\release\digduggame.tlog\cl.command.1.tlog
e:\_howest dae\season 3_4\season 4\programming4\digdugexam\exam_assignment\digduggame\release\digduggame.tlog\cl.read.1.tlog
e:\_howest dae\season 3_4\season 4\programming4\digdugexam\exam_assignment\digduggame\release\digduggame.tlog\cl.write.1.tlog
e:\_howest dae\season 3_4\season 4\programming4\digdugexam\exam_assignment\digduggame\release\digduggame.tlog\digduggame.write.1u.tlog
e:\_howest dae\season 3_4\season 4\programming4\digdugexam\exam_assignment\digduggame\release\digduggame.tlog\link.command.1.tlog
e:\_howest dae\season 3_4\season 4\programming4\digdugexam\exam_assignment\digduggame\release\digduggame.tlog\link.read.1.tlog
e:\_howest dae\season 3_4\season 4\programming4\digdugexam\exam_assignment\digduggame\release\digduggame.tlog\link.write.1.tlog
