e:\_howest dae\season 3_4\season 4\programming4\digdugexam\exam_assignment\digduggame\x64\debug\digduggame.pch
e:\_howest dae\season 3_4\season 4\programming4\digdugexam\exam_assignment\digduggame\x64\debug\vc141.pdb
e:\_howest dae\season 3_4\season 4\programming4\digdugexam\exam_assignment\digduggame\x64\debug\vc141.idb
e:\_howest dae\season 3_4\season 4\programming4\digdugexam\exam_assignment\digduggame\x64\debug\pch.obj
e:\_howest dae\season 3_4\season 4\programming4\digdugexam\exam_assignment\digduggame\x64\debug\versuslevel.obj
e:\_howest dae\season 3_4\season 4\programming4\digdugexam\exam_assignment\digduggame\x64\debug\startscreen.obj
e:\_howest dae\season 3_4\season 4\programming4\digdugexam\exam_assignment\digduggame\x64\debug\singlelevel.obj
e:\_howest dae\season 3_4\season 4\programming4\digdugexam\exam_assignment\digduggame\x64\debug\optionsscreen.obj
e:\_howest dae\season 3_4\season 4\programming4\digdugexam\exam_assignment\digduggame\x64\debug\main.obj
e:\_howest dae\season 3_4\season 4\programming4\digdugexam\exam_assignment\digduggame\x64\debug\digduggame.obj
e:\_howest dae\season 3_4\season 4\programming4\digdugexam\exam_assignment\digduggame\x64\debug\creditscreen.obj
e:\_howest dae\season 3_4\season 4\programming4\digdugexam\exam_assignment\digduggame\x64\debug\cooplevel.obj
e:\_howest dae\season 3_4\season 4\programming4\digdugexam\exam_assignment\x64\debug\digduggame.pdb
e:\_howest dae\season 3_4\season 4\programming4\digdugexam\exam_assignment\digduggame\x64\debug\digduggame.tlog\cl.command.1.tlog
e:\_howest dae\season 3_4\season 4\programming4\digdugexam\exam_assignment\digduggame\x64\debug\digduggame.tlog\cl.read.1.tlog
e:\_howest dae\season 3_4\season 4\programming4\digdugexam\exam_assignment\digduggame\x64\debug\digduggame.tlog\cl.write.1.tlog
e:\_howest dae\season 3_4\season 4\programming4\digdugexam\exam_assignment\digduggame\x64\debug\digduggame.tlog\link-cvtres.read.1.tlog
e:\_howest dae\season 3_4\season 4\programming4\digdugexam\exam_assignment\digduggame\x64\debug\digduggame.tlog\link-cvtres.write.1.tlog
e:\_howest dae\season 3_4\season 4\programming4\digdugexam\exam_assignment\digduggame\x64\debug\digduggame.tlog\link-rc.read.1.tlog
e:\_howest dae\season 3_4\season 4\programming4\digdugexam\exam_assignment\digduggame\x64\debug\digduggame.tlog\link-rc.write.1.tlog
e:\_howest dae\season 3_4\season 4\programming4\digdugexam\exam_assignment\digduggame\x64\debug\digduggame.tlog\link.command.1.tlog
e:\_howest dae\season 3_4\season 4\programming4\digdugexam\exam_assignment\digduggame\x64\debug\digduggame.tlog\link.read.1.tlog
e:\_howest dae\season 3_4\season 4\programming4\digdugexam\exam_assignment\digduggame\x64\debug\digduggame.tlog\link.write.1.tlog
