e:\_howest dae\season 3_4\season 4\programming4\digdugexam\exam_assignment\digduggame\debug\digduggame.pch
e:\_howest dae\season 3_4\season 4\programming4\digdugexam\exam_assignment\digduggame\debug\vc141.pdb
e:\_howest dae\season 3_4\season 4\programming4\digdugexam\exam_assignment\digduggame\debug\vc141.idb
e:\_howest dae\season 3_4\season 4\programming4\digdugexam\exam_assignment\digduggame\debug\pch.obj
e:\_howest dae\season 3_4\season 4\programming4\digdugexam\exam_assignment\digduggame\debug\versuslevel.obj
e:\_howest dae\season 3_4\season 4\programming4\digdugexam\exam_assignment\digduggame\debug\startscreen.obj
e:\_howest dae\season 3_4\season 4\programming4\digdugexam\exam_assignment\digduggame\debug\singlelevel.obj
e:\_howest dae\season 3_4\season 4\programming4\digdugexam\exam_assignment\digduggame\debug\optionsscreen.obj
e:\_howest dae\season 3_4\season 4\programming4\digdugexam\exam_assignment\digduggame\debug\main.obj
e:\_howest dae\season 3_4\season 4\programming4\digdugexam\exam_assignment\digduggame\debug\digduglevelcomp.obj
e:\_howest dae\season 3_4\season 4\programming4\digdugexam\exam_assignment\digduggame\debug\digduggame.obj
e:\_howest dae\season 3_4\season 4\programming4\digdugexam\exam_assignment\digduggame\debug\digdugcharactercomp.obj
e:\_howest dae\season 3_4\season 4\programming4\digdugexam\exam_assignment\digduggame\debug\creditscreen.obj
e:\_howest dae\season 3_4\season 4\programming4\digdugexam\exam_assignment\digduggame\debug\cooplevel.obj
e:\_howest dae\season 3_4\season 4\programming4\digdugexam\exam_assignment\debug\digduggame.lib
e:\_howest dae\season 3_4\season 4\programming4\digdugexam\exam_assignment\debug\digduggame.exp
e:\_howest dae\season 3_4\season 4\programming4\digdugexam\exam_assignment\debug\digduggame.ilk
e:\_howest dae\season 3_4\season 4\programming4\digdugexam\exam_assignment\debug\digduggame.exe
e:\_howest dae\season 3_4\season 4\programming4\digdugexam\exam_assignment\debug\digduggame.pdb
e:\_howest dae\season 3_4\season 4\programming4\digdugexam\exam_assignment\digduggame\debug\digduggame.tlog\cl.command.1.tlog
e:\_howest dae\season 3_4\season 4\programming4\digdugexam\exam_assignment\digduggame\debug\digduggame.tlog\cl.read.1.tlog
e:\_howest dae\season 3_4\season 4\programming4\digdugexam\exam_assignment\digduggame\debug\digduggame.tlog\cl.write.1.tlog
e:\_howest dae\season 3_4\season 4\programming4\digdugexam\exam_assignment\digduggame\debug\digduggame.tlog\digduggame.write.1u.tlog
e:\_howest dae\season 3_4\season 4\programming4\digdugexam\exam_assignment\digduggame\debug\digduggame.tlog\link.command.1.tlog
e:\_howest dae\season 3_4\season 4\programming4\digdugexam\exam_assignment\digduggame\debug\digduggame.tlog\link.read.1.tlog
e:\_howest dae\season 3_4\season 4\programming4\digdugexam\exam_assignment\digduggame\debug\digduggame.tlog\link.write.1.tlog
