e:\_howest dae\digdug_examengine\exam_assignment\minigin\win32\release\minigin.pch
e:\_howest dae\digdug_examengine\exam_assignment\minigin\win32\release\vc141.pdb
e:\_howest dae\digdug_examengine\exam_assignment\minigin\win32\release\miniginpch.obj
e:\_howest dae\digdug_examengine\exam_assignment\minigin\win32\release\transformcomponent.obj
e:\_howest dae\digdug_examengine\exam_assignment\minigin\win32\release\texturerendercomponent.obj
e:\_howest dae\digdug_examengine\exam_assignment\minigin\win32\release\texture2d.obj
e:\_howest dae\digdug_examengine\exam_assignment\minigin\win32\release\textrendercomponent.obj
e:\_howest dae\digdug_examengine\exam_assignment\minigin\win32\release\scenemanager.obj
e:\_howest dae\digdug_examengine\exam_assignment\minigin\win32\release\scene.obj
e:\_howest dae\digdug_examengine\exam_assignment\minigin\win32\release\resourcemanager.obj
e:\_howest dae\digdug_examengine\exam_assignment\minigin\win32\release\renderer.obj
e:\_howest dae\digdug_examengine\exam_assignment\minigin\win32\release\minigin.obj
e:\_howest dae\digdug_examengine\exam_assignment\minigin\win32\release\main.obj
e:\_howest dae\digdug_examengine\exam_assignment\minigin\win32\release\log.obj
e:\_howest dae\digdug_examengine\exam_assignment\minigin\win32\release\inputmanager.obj
e:\_howest dae\digdug_examengine\exam_assignment\minigin\win32\release\gametime.obj
e:\_howest dae\digdug_examengine\exam_assignment\minigin\win32\release\gameobject.obj
e:\_howest dae\digdug_examengine\exam_assignment\minigin\win32\release\fpscomponent.obj
e:\_howest dae\digdug_examengine\exam_assignment\minigin\win32\release\font.obj
e:\_howest dae\digdug_examengine\exam_assignment\minigin\win32\release\basecomponent.obj
e:\_howest dae\digdug_examengine\exam_assignment\win32\release\minigin.exe
e:\_howest dae\digdug_examengine\exam_assignment\win32\release\minigin.pdb
e:\_howest dae\digdug_examengine\exam_assignment\win32\release\minigin.lib
e:\_howest dae\digdug_examengine\exam_assignment\win32\release\minigin.exp
e:\_howest dae\digdug_examengine\exam_assignment\win32\release\minigin.ipdb
e:\_howest dae\digdug_examengine\exam_assignment\win32\release\minigin.iobj
e:\_howest dae\digdug_examengine\exam_assignment\minigin\win32\release\minigin.tlog\cl.command.1.tlog
e:\_howest dae\digdug_examengine\exam_assignment\minigin\win32\release\minigin.tlog\cl.read.1.tlog
e:\_howest dae\digdug_examengine\exam_assignment\minigin\win32\release\minigin.tlog\cl.write.1.tlog
e:\_howest dae\digdug_examengine\exam_assignment\minigin\win32\release\minigin.tlog\link.command.1.tlog
e:\_howest dae\digdug_examengine\exam_assignment\minigin\win32\release\minigin.tlog\link.read.1.tlog
e:\_howest dae\digdug_examengine\exam_assignment\minigin\win32\release\minigin.tlog\link.write.1.tlog
e:\_howest dae\digdug_examengine\exam_assignment\minigin\win32\release\minigin.tlog\minigin.write.1u.tlog
