e:\_howest dae\season 3_4\season 4\programming4\digdugexam\exam_assignment\minigin\win32\debug\minigin.pch
e:\_howest dae\season 3_4\season 4\programming4\digdugexam\exam_assignment\minigin\win32\debug\minigin.pdb
e:\_howest dae\season 3_4\season 4\programming4\digdugexam\exam_assignment\minigin\win32\debug\minigin.idb
e:\_howest dae\season 3_4\season 4\programming4\digdugexam\exam_assignment\minigin\win32\debug\miniginpch.obj
e:\_howest dae\season 3_4\season 4\programming4\digdugexam\exam_assignment\minigin\win32\debug\rockcomponent.obj
e:\_howest dae\season 3_4\season 4\programming4\digdugexam\exam_assignment\minigin\win32\debug\resourcemanager.obj
e:\_howest dae\season 3_4\season 4\programming4\digdugexam\exam_assignment\minigin\win32\debug\renderer.obj
e:\_howest dae\season 3_4\season 4\programming4\digdugexam\exam_assignment\minigin\win32\debug\node.obj
e:\_howest dae\season 3_4\season 4\programming4\digdugexam\exam_assignment\minigin\win32\debug\minigin.obj
e:\_howest dae\season 3_4\season 4\programming4\digdugexam\exam_assignment\minigin\win32\debug\log.obj
e:\_howest dae\season 3_4\season 4\programming4\digdugexam\exam_assignment\minigin\win32\debug\levelcomponent.obj
e:\_howest dae\season 3_4\season 4\programming4\digdugexam\exam_assignment\minigin\win32\debug\inputmanager.obj
e:\_howest dae\season 3_4\season 4\programming4\digdugexam\exam_assignment\minigin\win32\debug\gametime.obj
e:\_howest dae\season 3_4\season 4\programming4\digdugexam\exam_assignment\minigin\win32\debug\gamescene.obj
e:\_howest dae\season 3_4\season 4\programming4\digdugexam\exam_assignment\minigin\win32\debug\gameobject.obj
e:\_howest dae\season 3_4\season 4\programming4\digdugexam\exam_assignment\minigin\win32\debug\fpscomponent.obj
e:\_howest dae\season 3_4\season 4\programming4\digdugexam\exam_assignment\minigin\win32\debug\font.obj
e:\_howest dae\season 3_4\season 4\programming4\digdugexam\exam_assignment\minigin\win32\debug\connection.obj
e:\_howest dae\season 3_4\season 4\programming4\digdugexam\exam_assignment\minigin\win32\debug\charactercomponent.obj
e:\_howest dae\season 3_4\season 4\programming4\digdugexam\exam_assignment\minigin\win32\debug\buttonmanager.obj
e:\_howest dae\season 3_4\season 4\programming4\digdugexam\exam_assignment\minigin\win32\debug\buttoncomponent.obj
e:\_howest dae\season 3_4\season 4\programming4\digdugexam\exam_assignment\minigin\win32\debug\binaryreader.obj
e:\_howest dae\season 3_4\season 4\programming4\digdugexam\exam_assignment\minigin\win32\debug\basecomponent.obj
e:\_howest dae\season 3_4\season 4\programming4\digdugexam\exam_assignment\minigin\win32\debug\astarpathfinding.obj
e:\_howest dae\season 3_4\season 4\programming4\digdugexam\exam_assignment\minigin\win32\debug\weaponcomponent.obj
e:\_howest dae\season 3_4\season 4\programming4\digdugexam\exam_assignment\minigin\win32\debug\transformcomponent.obj
e:\_howest dae\season 3_4\season 4\programming4\digdugexam\exam_assignment\minigin\win32\debug\texturerendercomponent.obj
e:\_howest dae\season 3_4\season 4\programming4\digdugexam\exam_assignment\minigin\win32\debug\texture2d.obj
e:\_howest dae\season 3_4\season 4\programming4\digdugexam\exam_assignment\minigin\win32\debug\textrendercomponent.obj
e:\_howest dae\season 3_4\season 4\programming4\digdugexam\exam_assignment\minigin\win32\debug\soundstream.obj
e:\_howest dae\season 3_4\season 4\programming4\digdugexam\exam_assignment\minigin\win32\debug\soundmanager.obj
e:\_howest dae\season 3_4\season 4\programming4\digdugexam\exam_assignment\minigin\win32\debug\soundeffect.obj
e:\_howest dae\season 3_4\season 4\programming4\digdugexam\exam_assignment\minigin\win32\debug\servicelocator.obj
e:\_howest dae\season 3_4\season 4\programming4\digdugexam\exam_assignment\minigin\win32\debug\scenemanager.obj
e:\_howest dae\season 3_4\season 4\programming4\digdugexam\exam_assignment\win32\debug\minigin.lib
e:\_howest dae\season 3_4\season 4\programming4\digdugexam\exam_assignment\win32\debug\minigin.pdb
e:\_howest dae\season 3_4\season 4\programming4\digdugexam\exam_assignment\minigin\win32\debug\minigin.tlog\cl.command.1.tlog
e:\_howest dae\season 3_4\season 4\programming4\digdugexam\exam_assignment\minigin\win32\debug\minigin.tlog\cl.read.1.tlog
e:\_howest dae\season 3_4\season 4\programming4\digdugexam\exam_assignment\minigin\win32\debug\minigin.tlog\cl.write.1.tlog
e:\_howest dae\season 3_4\season 4\programming4\digdugexam\exam_assignment\minigin\win32\debug\minigin.tlog\lib-link.read.1.tlog
e:\_howest dae\season 3_4\season 4\programming4\digdugexam\exam_assignment\minigin\win32\debug\minigin.tlog\lib-link.write.1.tlog
e:\_howest dae\season 3_4\season 4\programming4\digdugexam\exam_assignment\minigin\win32\debug\minigin.tlog\lib.command.1.tlog
