e:\_howest dae\season 3_4\season 4\programming4\digdugexam\exam_assignment\minigin\x64\debug\minigin.pch
e:\_howest dae\season 3_4\season 4\programming4\digdugexam\exam_assignment\minigin\x64\debug\minigin.pdb
e:\_howest dae\season 3_4\season 4\programming4\digdugexam\exam_assignment\minigin\x64\debug\minigin.idb
e:\_howest dae\season 3_4\season 4\programming4\digdugexam\exam_assignment\minigin\x64\debug\miniginpch.obj
e:\_howest dae\season 3_4\season 4\programming4\digdugexam\exam_assignment\minigin\x64\debug\servicelocator.obj
e:\_howest dae\season 3_4\season 4\programming4\digdugexam\exam_assignment\minigin\x64\debug\scenemanager.obj
e:\_howest dae\season 3_4\season 4\programming4\digdugexam\exam_assignment\minigin\x64\debug\rockcomponent.obj
e:\_howest dae\season 3_4\season 4\programming4\digdugexam\exam_assignment\minigin\x64\debug\resourcemanager.obj
e:\_howest dae\season 3_4\season 4\programming4\digdugexam\exam_assignment\minigin\x64\debug\renderer.obj
e:\_howest dae\season 3_4\season 4\programming4\digdugexam\exam_assignment\minigin\x64\debug\minigin.obj
e:\_howest dae\season 3_4\season 4\programming4\digdugexam\exam_assignment\minigin\x64\debug\log.obj
e:\_howest dae\season 3_4\season 4\programming4\digdugexam\exam_assignment\minigin\x64\debug\levelcomponent.obj
e:\_howest dae\season 3_4\season 4\programming4\digdugexam\exam_assignment\minigin\x64\debug\inputmanager.obj
e:\_howest dae\season 3_4\season 4\programming4\digdugexam\exam_assignment\minigin\x64\debug\gametime.obj
e:\_howest dae\season 3_4\season 4\programming4\digdugexam\exam_assignment\minigin\x64\debug\gamescene.obj
e:\_howest dae\season 3_4\season 4\programming4\digdugexam\exam_assignment\minigin\x64\debug\gameobject.obj
e:\_howest dae\season 3_4\season 4\programming4\digdugexam\exam_assignment\minigin\x64\debug\fpscomponent.obj
e:\_howest dae\season 3_4\season 4\programming4\digdugexam\exam_assignment\minigin\x64\debug\font.obj
e:\_howest dae\season 3_4\season 4\programming4\digdugexam\exam_assignment\minigin\x64\debug\collisioncomponent.obj
e:\_howest dae\season 3_4\season 4\programming4\digdugexam\exam_assignment\minigin\x64\debug\charactercomponent.obj
e:\_howest dae\season 3_4\season 4\programming4\digdugexam\exam_assignment\minigin\x64\debug\buttonmanager.obj
e:\_howest dae\season 3_4\season 4\programming4\digdugexam\exam_assignment\minigin\x64\debug\buttoncomponent.obj
e:\_howest dae\season 3_4\season 4\programming4\digdugexam\exam_assignment\minigin\x64\debug\binaryreader.obj
e:\_howest dae\season 3_4\season 4\programming4\digdugexam\exam_assignment\minigin\x64\debug\basecomponent.obj
e:\_howest dae\season 3_4\season 4\programming4\digdugexam\exam_assignment\minigin\x64\debug\weaponcomponent.obj
e:\_howest dae\season 3_4\season 4\programming4\digdugexam\exam_assignment\minigin\x64\debug\transformcomponent.obj
e:\_howest dae\season 3_4\season 4\programming4\digdugexam\exam_assignment\minigin\x64\debug\texturerendercomponent.obj
e:\_howest dae\season 3_4\season 4\programming4\digdugexam\exam_assignment\minigin\x64\debug\texture2d.obj
e:\_howest dae\season 3_4\season 4\programming4\digdugexam\exam_assignment\minigin\x64\debug\textrendercomponent.obj
e:\_howest dae\season 3_4\season 4\programming4\digdugexam\exam_assignment\x64\debug\minigin.lib
e:\_howest dae\season 3_4\season 4\programming4\digdugexam\exam_assignment\x64\debug\minigin.pdb
e:\_howest dae\season 3_4\season 4\programming4\digdugexam\exam_assignment\minigin\x64\debug\minigin.tlog\cl.command.1.tlog
e:\_howest dae\season 3_4\season 4\programming4\digdugexam\exam_assignment\minigin\x64\debug\minigin.tlog\cl.read.1.tlog
e:\_howest dae\season 3_4\season 4\programming4\digdugexam\exam_assignment\minigin\x64\debug\minigin.tlog\cl.write.1.tlog
e:\_howest dae\season 3_4\season 4\programming4\digdugexam\exam_assignment\minigin\x64\debug\minigin.tlog\lib-link.read.1.tlog
e:\_howest dae\season 3_4\season 4\programming4\digdugexam\exam_assignment\minigin\x64\debug\minigin.tlog\lib-link.write.1.tlog
e:\_howest dae\season 3_4\season 4\programming4\digdugexam\exam_assignment\minigin\x64\debug\minigin.tlog\lib.command.1.tlog
