  MiniginPCH.cpp
  BaseComponent.cpp
  BinaryReader.cpp
  ButtonComponent.cpp
  ButtonManager.cpp
  CharacterComponent.cpp
  CollisionComponent.cpp
  Font.cpp
  FPSComponent.cpp
  GameObject.cpp
  GameScene.cpp
  GameTime.cpp
  InputManager.cpp
  LevelComponent.cpp
  Log.cpp
  Minigin.cpp
  Renderer.cpp
  ResourceManager.cpp
  RockComponent.cpp
  SceneManager.cpp
  ServiceLocator.cpp
  Generating Code...
  Compiling...
  TextRenderComponent.cpp
  Texture2D.cpp
  TextureRenderComponent.cpp
  TransformComponent.cpp
  WeaponComponent.cpp
  Generating Code...
  Minigin.vcxproj -> E:\_Howest DAE\SEASON 3_4\SEASON 4\Programming4\DigDugExam\Exam_Assignment\x64\Debug\Minigin.lib
  E:\_Howest DAE\SEASON 3_4\SEASON 4\Programming4\DigDugExam\Exam_Assignment\3rdParty\SDL2\lib\x64\SDL2.dll
  1 File(s) copied
  E:\_Howest DAE\SEASON 3_4\SEASON 4\Programming4\DigDugExam\Exam_Assignment\3rdParty\SDL2_image\lib\x64\libjpeg-9.dll
  E:\_Howest DAE\SEASON 3_4\SEASON 4\Programming4\DigDugExam\Exam_Assignment\3rdParty\SDL2_image\lib\x64\libpng16-16.dll
  E:\_Howest DAE\SEASON 3_4\SEASON 4\Programming4\DigDugExam\Exam_Assignment\3rdParty\SDL2_image\lib\x64\libtiff-5.dll
  E:\_Howest DAE\SEASON 3_4\SEASON 4\Programming4\DigDugExam\Exam_Assignment\3rdParty\SDL2_image\lib\x64\libwebp-7.dll
  E:\_Howest DAE\SEASON 3_4\SEASON 4\Programming4\DigDugExam\Exam_Assignment\3rdParty\SDL2_image\lib\x64\SDL2_image.dll
  E:\_Howest DAE\SEASON 3_4\SEASON 4\Programming4\DigDugExam\Exam_Assignment\3rdParty\SDL2_image\lib\x64\zlib1.dll
  6 File(s) copied
  E:\_Howest DAE\SEASON 3_4\SEASON 4\Programming4\DigDugExam\Exam_Assignment\3rdParty\SDL2_ttf\lib\x64\libfreetype-6.dll
  E:\_Howest DAE\SEASON 3_4\SEASON 4\Programming4\DigDugExam\Exam_Assignment\3rdParty\SDL2_ttf\lib\x64\SDL2_ttf.dll
  2 File(s) copied
